<?xml version="1.0" encoding="UTF-8"?>
<!-- Generated by org.testng.reporters.JUnitReportReporter -->
<testsuite hostname="DESKTOP-1BHH6KP" failures="0" tests="1" name="com.demoqa.tests.LoginTests" time="21.994" errors="0" timestamp="2024-07-04T18:15:48 MESZ" skipped="0">
  <testcase classname="com.demoqa.tests.LoginTests" name="loginPositiveTest" time="21.994"/>
</testsuite> <!-- com.demoqa.tests.LoginTests -->
